<?xml version="1.0" encoding="UTF-8"?>
<!-- Generated by org.testng.reporters.JUnitXMLReporter -->
<testsuite ignored="0" hostname="LAPTOP-7ILL6B1Q" failures="1" tests="3" name="Test" time="14.72" errors="0" timestamp="2023-10-13T15:58:05 IST">
  <testcase classname="problem3and4WithTestNG.AutomationProblem3WithTestNG" name="testWebsiteLogoPresence" time="0.044"/>
  <testcase classname="problem3and4WithTestNG.AutomationProblem3WithTestNG" name="testRequestDemoButton" time="0.059"/>
  <testcase classname="problem3and4WithTestNG.AutomationProblem4WithTestNG" name="testLinksAndCookies" time="2.007">
    <failure type="org.testng.internal.thread.ThreadTimeoutException" message="Method problem3and4WithTestNG.AutomationProblem4WithTestNG.testLinksAndCookies() didn&amp;apos;t finish within the time-out 2000">
      <![CDATA[org.testng.internal.thread.ThreadTimeoutException: Method problem3and4WithTestNG.AutomationProblem4WithTestNG.testLinksAndCookies() didn't finish within the time-out 2000
at java.base@17.0.4/java.lang.Thread.sleep(Native Method)
at app//problem3and4WithTestNG.AutomationProblem4WithTestNG.testLinksAndCookies(AutomationProblem4WithTestNG.java:41)
at java.base@17.0.4/java.util.concurrent.FutureTask.run(FutureTask.java:264)
at java.base@17.0.4/java.util.concurrent.ThreadPoolExecutor.runWorker(ThreadPoolExecutor.java:1136)
at java.base@17.0.4/java.util.concurrent.ThreadPoolExecutor$Worker.run(ThreadPoolExecutor.java:635)
at java.base@17.0.4/java.lang.Thread.run(Thread.java:833)
... Removed 8 stack frames]]>
    </failure>
  </testcase> <!-- testLinksAndCookies -->
</testsuite> <!-- Test -->
