<?xml version="1.0" encoding="UTF-8"?>
<testng-results ignored="0" total="3" passed="2" failed="1" skipped="0">
  <reporter-output>
  </reporter-output>
  <suite started-at="2023-10-13T15:57:50 IST" name="Suite" finished-at="2023-10-13T15:58:05 IST" duration-ms="14720">
    <groups>
    </groups>
    <test started-at="2023-10-13T15:57:50 IST" name="Test" finished-at="2023-10-13T15:58:05 IST" duration-ms="14720">
      <class name="problem3and4WithTestNG.AutomationProblem4WithTestNG">
        <test-method is-config="true" signature="setup()[pri:0, instance:problem3and4WithTestNG.AutomationProblem4WithTestNG@20140db9]" started-at="2023-10-13T15:57:58 IST" name="setup" finished-at="2023-10-13T15:58:02 IST" duration-ms="4284" status="PASS">
          <reporter-output>
          </reporter-output>
        </test-method> <!-- setup -->
        <test-method signature="testLinksAndCookies()[pri:1, instance:problem3and4WithTestNG.AutomationProblem4WithTestNG@20140db9]" started-at="2023-10-13T15:58:02 IST" name="testLinksAndCookies" finished-at="2023-10-13T15:58:05 IST" duration-ms="2007" status="FAIL">
          <exception class="org.testng.internal.thread.ThreadTimeoutException">
            <message>
              <![CDATA[Method problem3and4WithTestNG.AutomationProblem4WithTestNG.testLinksAndCookies() didn't finish within the time-out 2000]]>
            </message>
            <full-stacktrace>
              <![CDATA[org.testng.internal.thread.ThreadTimeoutException: Method problem3and4WithTestNG.AutomationProblem4WithTestNG.testLinksAndCookies() didn't finish within the time-out 2000
at java.base@17.0.4/java.lang.Thread.sleep(Native Method)
at app//problem3and4WithTestNG.AutomationProblem4WithTestNG.testLinksAndCookies(AutomationProblem4WithTestNG.java:41)
at java.base@17.0.4/jdk.internal.reflect.NativeMethodAccessorImpl.invoke0(Native Method)
at java.base@17.0.4/jdk.internal.reflect.NativeMethodAccessorImpl.invoke(NativeMethodAccessorImpl.java:77)
at java.base@17.0.4/jdk.internal.reflect.DelegatingMethodAccessorImpl.invoke(DelegatingMethodAccessorImpl.java:43)
at java.base@17.0.4/java.lang.reflect.Method.invoke(Method.java:568)
at app//org.testng.internal.invokers.MethodInvocationHelper.invokeMethod(MethodInvocationHelper.java:139)
at app//org.testng.internal.invokers.InvokeMethodRunnable.runOne(InvokeMethodRunnable.java:47)
at app//org.testng.internal.invokers.InvokeMethodRunnable.call(InvokeMethodRunnable.java:76)
at app//org.testng.internal.invokers.InvokeMethodRunnable.call(InvokeMethodRunnable.java:11)
at java.base@17.0.4/java.util.concurrent.FutureTask.run(FutureTask.java:264)
at java.base@17.0.4/java.util.concurrent.ThreadPoolExecutor.runWorker(ThreadPoolExecutor.java:1136)
at java.base@17.0.4/java.util.concurrent.ThreadPoolExecutor$Worker.run(ThreadPoolExecutor.java:635)
at java.base@17.0.4/java.lang.Thread.run(Thread.java:833)
]]>
            </full-stacktrace>
          </exception> <!-- org.testng.internal.thread.ThreadTimeoutException -->
          <reporter-output>
          </reporter-output>
        </test-method> <!-- testLinksAndCookies -->
        <test-method is-config="true" signature="teardown()[pri:0, instance:problem3and4WithTestNG.AutomationProblem4WithTestNG@20140db9]" started-at="2023-10-13T15:58:05 IST" name="teardown" finished-at="2023-10-13T15:58:05 IST" duration-ms="231" status="PASS">
          <reporter-output>
          </reporter-output>
        </test-method> <!-- teardown -->
      </class> <!-- problem3and4WithTestNG.AutomationProblem4WithTestNG -->
      <class name="problem3and4WithTestNG.AutomationProblem3WithTestNG">
        <test-method is-config="true" signature="setup()[pri:0, instance:problem3and4WithTestNG.AutomationProblem3WithTestNG@2794eab6]" started-at="2023-10-13T15:57:50 IST" name="setup" finished-at="2023-10-13T15:57:58 IST" duration-ms="7811" status="PASS">
          <reporter-output>
          </reporter-output>
        </test-method> <!-- setup -->
        <test-method signature="testWebsiteLogoPresence()[pri:1, instance:problem3and4WithTestNG.AutomationProblem3WithTestNG@2794eab6]" started-at="2023-10-13T15:58:02 IST" name="testWebsiteLogoPresence" finished-at="2023-10-13T15:58:02 IST" duration-ms="44" status="PASS">
          <reporter-output>
          </reporter-output>
        </test-method> <!-- testWebsiteLogoPresence -->
        <test-method signature="testRequestDemoButton()[pri:2, instance:problem3and4WithTestNG.AutomationProblem3WithTestNG@2794eab6]" started-at="2023-10-13T15:58:02 IST" name="testRequestDemoButton" finished-at="2023-10-13T15:58:02 IST" duration-ms="59" status="PASS">
          <reporter-output>
          </reporter-output>
        </test-method> <!-- testRequestDemoButton -->
        <test-method is-config="true" signature="teardown()[pri:0, instance:problem3and4WithTestNG.AutomationProblem3WithTestNG@2794eab6]" started-at="2023-10-13T15:58:05 IST" name="teardown" finished-at="2023-10-13T15:58:05 IST" duration-ms="244" status="PASS">
          <reporter-output>
          </reporter-output>
        </test-method> <!-- teardown -->
      </class> <!-- problem3and4WithTestNG.AutomationProblem3WithTestNG -->
    </test> <!-- Test -->
  </suite> <!-- Suite -->
</testng-results>
